# JRE version: OpenJDK Runtime Environment (11.0.15) (build 11.0.15+0-b2043.56-9505619)
# Java VM: OpenJDK 64-Bit Server VM (11.0.15+0-b2043.56-9505619, mixed mode, tiered, compressed oops, g1 gc, windows-amd64)
Heap:
 garbage-first heap   total 325632K, used 98055K [0x0000000080000000, 0x0000000100000000)
  region size 1024K, 81 young (82944K), 13 survivors (13312K)
 Metaspace       used 49349K, capacity 50699K, committed 50864K, reserved 1093632K
  class space    used 6269K, capacity 6811K, committed 6912K, reserved 1048576K
GC Heap History (10 events):
Event: 9.474 GC heap before
{Heap before GC invocations=0 (full 0):
 garbage-first heap   total 325632K, used 29696K [0x0000000080000000, 0x0000000100000000)
  region size 1024K, 24 young (24576K), 0 survivors (0K)
 Metaspace       used 10120K, capacity 10327K, committed 10624K, reserved 1058816K
  class space    used 1033K, capacity 1106K, committed 1152K, reserved 1048576K
}
Event: 9.478 GC heap after
{Heap after GC invocations=1 (full 0):
 garbage-first heap   total 325632K, used 9305K [0x0000000080000000, 0x0000000100000000)
  region size 1024K, 3 young (3072K), 3 survivors (3072K)
 Metaspace       used 10120K, capacity 10327K, committed 10624K, reserved 1058816K
  class space    used 1033K, capacity 1106K, committed 1152K, reserved 1048576K
}
Event: 24.011 GC heap before
{Heap before GC invocations=1 (full 0):
 garbage-first heap   total 325632K, used 106585K [0x0000000080000000, 0x0000000100000000)
  region size 1024K, 98 young (100352K), 3 survivors (3072K)
 Metaspace       used 20762K, capacity 21183K, committed 21296K, reserved 1069056K
  class space    used 2528K, capacity 2685K, committed 2688K, reserved 1048576K
}
Event: 24.023 GC heap after
{Heap after GC invocations=2 (full 0):
 garbage-first heap   total 325632K, used 17282K [0x0000000080000000, 0x0000000100000000)
  region size 1024K, 11 young (11264K), 11 survivors (11264K)
 Metaspace       used 20762K, capacity 21183K, committed 21296K, reserved 1069056K
  class space    used 2528K, capacity 2685K, committed 2688K, reserved 1048576K
}
Event: 28.142 GC heap before
{Heap before GC invocations=3 (full 0):
 garbage-first heap   total 325632K, used 57218K [0x0000000080000000, 0x0000000100000000)
  region size 1024K, 50 young (51200K), 11 survivors (11264K)
 Metaspace       used 24777K, capacity 25361K, committed 25648K, reserved 1071104K
  class space    used 3179K, capacity 3384K, committed 3456K, reserved 1048576K
}
Event: 28.149 GC heap after
{Heap after GC invocations=4 (full 0):
 garbage-first heap   total 325632K, used 18363K [0x0000000080000000, 0x0000000100000000)
  region size 1024K, 2 young (2048K), 2 survivors (2048K)
 Metaspace       used 24777K, capacity 25361K, committed 25648K, reserved 1071104K
  class space    used 3179K, capacity 3384K, committed 3456K, reserved 1048576K
}
Event: 43.802 GC heap before
{Heap before GC invocations=4 (full 0):
 garbage-first heap   total 325632K, used 99259K [0x0000000080000000, 0x0000000100000000)
  region size 1024K, 82 young (83968K), 2 survivors (2048K)
 Metaspace       used 34867K, capacity 35721K, committed 35888K, reserved 1081344K
  class space    used 4563K, capacity 4887K, committed 4992K, reserved 1048576K
}
Event: 43.810 GC heap after
{Heap after GC invocations=5 (full 0):
 garbage-first heap   total 325632K, used 21963K [0x0000000080000000, 0x0000000100000000)
  region size 1024K, 6 young (6144K), 6 survivors (6144K)
 Metaspace       used 34867K, capacity 35721K, committed 35888K, reserved 1081344K
  class space    used 4563K, capacity 4887K, committed 4992K, reserved 1048576K
}
Event: 61.919 GC heap before
{Heap before GC invocations=6 (full 0):
 garbage-first heap   total 325632K, used 127435K [0x0000000080000000, 0x0000000100000000)
  region size 1024K, 106 young (108544K), 6 survivors (6144K)
 Metaspace       used 44798K, capacity 45819K, committed 46000K, reserved 1089536K
  class space    used 5663K, capacity 6064K, committed 6144K, reserved 1048576K
}
Event: 61.929 GC heap after
{Heap after GC invocations=7 (full 0):
 garbage-first heap   total 325632K, used 29447K [0x0000000080000000, 0x0000000100000000)
  region size 1024K, 13 young (13312K), 13 survivors (13312K)
 Metaspace       used 44798K, capacity 45819K, committed 46000K, reserved 1089536K
  class space    used 5663K, capacity 6064K, committed 6144K, reserved 1048576K
}

